<?xml version="1.0" encoding="UTF-8"?>
<!-- Generated by org.testng.reporters.JUnitReportReporter -->
<testsuite skipped="0" hostname="Mpatil-PC" name="TestNGTestCases.Class1" tests="5" failures="0" timestamp="13 Mar 2018 03:53:47 GMT" time="0.036" errors="0">
  <testcase name="logout" time="0.002" classname="TestNGTestCases.Class1"/>
  <testcase name="addcurrency" time="0.021" classname="TestNGTestCases.Class1"/>
  <testcase name="login" time="0.006" classname="TestNGTestCases.Class1"/>
  <testcase name="addproduct" time="0.005" classname="TestNGTestCases.Class1"/>
  <testcase name="addvender" time="0.002" classname="TestNGTestCases.Class1"/>
</testsuite> <!-- TestNGTestCases.Class1 -->
