<?xml version="1.0" encoding="UTF-8"?>
<!-- Generated by org.testng.reporters.JUnitReportReporter -->
<testsuite skipped="0" hostname="Mpatil-PC" name="samplepackage.TestNG_TestCase_1" tests="1" failures="0" timestamp="21 Jan 2018 16:31:27 GMT" time="54.169" errors="0">
  <testcase name="verifyTitle" time="54.169" classname="samplepackage.TestNG_TestCase_1"/>
</testsuite> <!-- samplepackage.TestNG_TestCase_1 -->
