<?xml version="1.0" encoding="UTF-8"?>
<!-- Generated by org.testng.reporters.JUnitReportReporter -->
<testsuite skipped="0" hostname="Mpatil-PC" name="TestNGTestCases.TestCase_03" tests="2" failures="0" timestamp="12 Mar 2018 03:31:33 GMT" time="28.773" errors="0">
  <testcase name="verifytitle" time="3.798" classname="TestNGTestCases.TestCase_03"/>
  <testcase name="yahooTitle" time="24.975" classname="TestNGTestCases.TestCase_03"/>
</testsuite> <!-- TestNGTestCases.TestCase_03 -->
