<?xml version="1.0" encoding="UTF-8"?>
<!-- Generated by org.testng.reporters.JUnitReportReporter -->
<testsuite skipped="0" hostname="Mpatil-PC" name="TestNGTestCases.TestCase_02" tests="2" failures="0" timestamp="12 Mar 2018 03:28:57 GMT" time="36.440" errors="0">
  <testcase name="VerifyTitle2" time="23.737" classname="TestNGTestCases.TestCase_02"/>
  <testcase name="VerifyTitle" time="12.703" classname="TestNGTestCases.TestCase_02"/>
</testsuite> <!-- TestNGTestCases.TestCase_02 -->
