<?xml version="1.0" encoding="UTF-8"?>
<!-- Generated by org.testng.reporters.JUnitReportReporter -->
<testsuite skipped="0" hostname="Mpatil-PC" name="TestNGTestCases.Class2" tests="3" failures="0" timestamp="13 Mar 2018 03:53:47 GMT" time="0.018" errors="0">
  <testcase name="deleteproduct" time="0.010" classname="TestNGTestCases.Class2"/>
  <testcase name="deletevender" time="0.002" classname="TestNGTestCases.Class2"/>
  <testcase name="deletecurrency" time="0.006" classname="TestNGTestCases.Class2"/>
</testsuite> <!-- TestNGTestCases.Class2 -->
